2026-01-04T02:36:17 | touched: src/main.rs
2025-09-25T22:17:57 | touched: README.md
2026-01-29T07:26:29 | touched: README.md
2026-01-04T21:55:45 | touched: README.md
2026-01-14T03:59:36 | touched: src/lib.rs
2025-05-17T05:06:54 | touched: LICENSE
2026-02-05T18:04:11 | touched: Cargo.toml
2025-06-17T06:20:40 | touched: LICENSE
2025-02-09T09:45:58 | touched: src/lib.rs
2026-01-05T06:22:35 | touched: Cargo.toml
2026-01-29T15:14:29 | touched: src/lib.rs
2025-12-20T08:39:47 | touched: Cargo.toml
2026-01-26T21:14:30 | touched: README.md
2026-02-02T12:19:00 | touched: Cargo.toml
2024-01-03T21:01:40 | touched: LICENSE
2025-10-09T17:41:16 | touched: src/lib.rs
2025-04-17T06:32:48 | touched: src/main.rs
2025-10-13T12:29:36 | touched: LICENSE
2025-12-12T02:31:07 | touched: README.md
2025-01-04T15:33:02 | touched: src/lib.rs
2025-01-25T11:39:45 | touched: README.md
2025-08-29T14:10:03 | touched: Cargo.toml
2025-02-15T01:37:42 | touched: src/main.rs
2025-08-26T03:14:35 | touched: LICENSE
2025-01-24T19:35:00 | touched: LICENSE
2025-03-08T10:14:30 | touched: src/main.rs
